<?xml version="1.0" encoding="UTF-8" standalone="no"?><testsuite errors="0" failures="1" name="Efetuar Login" skipped="0" tests="3" time="22.17" timestamp="2023-10-11 04:52:23"><testcase name="Efetuar Login com usuário já cadastrado"/><testcase name="Efetuar Login com novo usuário (Dados aleatórios)"/><testcase name="Efetuar Login com usuário já cadastrado (Cenário com falha)"><failure message="expected:&lt;[Cenário com falha]&gt; but was:&lt;[Bem vindo, tmz.automation!]&gt;" type="org.junit.ComparisonFailure">expected:&lt;[Cenário com falha]&gt; but was:&lt;[Bem vindo, tmz.automation!]&gt;</failure><system-err>expected:&lt;[Cenário com falha]&gt; but was:&lt;[Bem vindo, tmz.automation!]&gt;&#13;
com.mpsc.base.pages.UsuarioPage.validaMensagem(UsuarioPage.java:62)&#13;
com.mpsc.base.steps.serenity.UsuarioSteps.validaMensagem(UsuarioSteps.java:33)&#13;
com.mpsc.base.steps.definitionSteps.DefinitionStepsUsuario.validaMensagem(DefinitionStepsUsuario.java:39)&#13;
io.cucumber.java.Invoker.doInvoke(Invoker.java:66)&#13;
io.cucumber.java.Invoker.invoke(Invoker.java:24)&#13;
io.cucumber.java.AbstractGlueDefinition.invokeMethod(AbstractGlueDefinition.java:47)&#13;
io.cucumber.java.JavaStepDefinition.execute(JavaStepDefinition.java:29)&#13;
io.cucumber.core.runner.CoreStepDefinition.execute(CoreStepDefinition.java:66)&#13;
io.cucumber.core.runner.PickleStepDefinitionMatch.runStep(PickleStepDefinitionMatch.java:63)&#13;
io.cucumber.core.runner.TestStep.executeStep(TestStep.java:84)&#13;
io.cucumber.core.runner.TestStep.run(TestStep.java:56)&#13;
io.cucumber.core.runner.PickleStepTestStep.run(PickleStepTestStep.java:51)&#13;
io.cucumber.core.runner.TestCase.run(TestCase.java:84)&#13;
io.cucumber.core.runner.Runner.runPickle(Runner.java:75)&#13;
io.cucumber.core.runtime.CucumberExecutionContext.lambda$runTestCase$5(CucumberExecutionContext.java:137)&#13;
io.cucumber.core.runtime.RethrowingThrowableCollector.executeAndThrow(RethrowingThrowableCollector.java:23)&#13;
io.cucumber.core.runtime.CucumberExecutionContext.runTestCase(CucumberExecutionContext.java:137)&#13;
io.cucumber.junit.FeatureRunner.runChild(FeatureRunner.java:144)&#13;
io.cucumber.junit.FeatureRunner.runChild(FeatureRunner.java:28)&#13;
io.cucumber.junit.FeatureRunner.run(FeatureRunner.java:137)&#13;
io.cucumber.junit.CucumberSerenityBaseRunner.runChild(CucumberSerenityBaseRunner.java:330)&#13;
io.cucumber.junit.CucumberSerenityBaseRunner.runChild(CucumberSerenityBaseRunner.java:51)&#13;
</system-err></testcase></testsuite>